<?xml version="1.0" encoding="UTF-8"?>
<!-- Generated by org.testng.reporters.JUnitXMLReporter -->
<testsuite hostname="Geek" ignored="0" name="Test" tests="12" failures="0" timestamp="09 Nov 2017 23:01:17 GMT" time="36.838" errors="0">
  <testcase name="test1" time="12.282" classname="APITesting.com.org.api.PostRequest"/>
  <testcase name="test2" time="0.651" classname="APITesting.com.org.api.PostRequest"/>
  <testcase name="test1" time="3.155" classname="APITesting.com.org.api.GoogleApi"/>
  <testcase name="test1" time="0.796" classname="APITesting.com.org.api.PostProperties"/>
  <testcase name="convertAPI" time="2.324" classname="APITesting.com.org.api.WeatherGetRequest"/>
  <testcase name="getreq" time="0.156" classname="APITesting.com.org.api.WeatherGetRequest"/>
  <testcase name="getreqassert" time="0.102" classname="APITesting.com.org.api.WeatherGetRequest"/>
  <testcase name="getreqcityid" time="0.088" classname="APITesting.com.org.api.WeatherGetRequest"/>
  <testcase name="getreqparam" time="0.087" classname="APITesting.com.org.api.WeatherGetRequest"/>
  <testcase name="getreqresp" time="0.085" classname="APITesting.com.org.api.WeatherGetRequest"/>
  <testcase name="printweather" time="0.118" classname="APITesting.com.org.api.WeatherGetRequest"/>
  <testcase name="createIssue" time="16.799" classname="APITesting.com.org.api.JIRAApi"/>
</testsuite> <!-- Test -->
